This is pdfTeX, Version 3.1415926-2.6-1.40.14 (TeX Live 2014/dev) (format=latex 2014.12.20)  3 APR 2015 12:27
entering extended mode
 restricted \write18 enabled.
 file:line:error style messages enabled.
 %&-line parsing enabled.
**213_Narmin.tex
(./213_Narmin.tex
LaTeX2e <2011/06/27>
Babel <3.9h> and hyphenation patterns for 59 languages loaded.

./213_Narmin.tex:1: LaTeX Error: No counter 'object' defined.

See the LaTeX manual or LaTeX Companion for explanation.
Type  H <return>  for immediate help.
 ...                                              
                                                  
l.1 \setcounter{object}{0}
                          
? 
./213_Narmin.tex:1: Emergency stop.
 ...                                              
                                                  
l.1 \setcounter{object}{0}
                          
Your command was ignored.
Type  I <command> <return>  to replace it with another command,
or  <return>  to continue without it.

 
Here is how much of TeX's memory you used:
 7 strings out of 493418
 289 string characters out of 6144344
 50326 words of memory out of 5000000
 3529 multiletter control sequences out of 15000+600000
 3640 words of font info for 14 fonts, out of 8000000 for 9000
 953 hyphenation exceptions out of 8191
 5i,0n,4p,48b,14s stack positions out of 5000i,500n,10000p,200000b,80000s
No pages of output.
